<?xml version="1.0" encoding="UTF-8"?>
<!-- Generated by org.testng.reporters.JUnitReportReporter -->
<testsuite hostname="LAPTOP-QVL7POJP" failures="0" tests="1" name="dreamlivetestcase.login_pages" time="7.865" errors="0" timestamp="2023-07-19T12:13:58 IST" skipped="0">
  <testcase classname="dreamlivetestcase.login_pages" name="login" time="7.865"/>
  <system-out/>
</testsuite> <!-- dreamlivetestcase.login_pages -->
